2017-07-24 08:56:55 - ERROR de.vv.stockstore.loader.Loader - Invalid amount of arguments: 0
2017-07-24 08:57:29 - ERROR de.vv.stockstore.loader.Loader - Invalid amount of arguments: 0
2017-07-24 08:59:42 - ERROR de.vv.stockstore.loader.Loader - Invalid amount of arguments: 0
2017-07-24 09:01:17 - ERROR de.vv.stockstore.loader.Loader - Invalid amount of arguments: 0
2017-07-24 09:02:03 - INFO  de.vv.stockstore.loader.Loader - debug: true
Path: D:\StockStore\Data\
FileName: allTradableInstruments
Ending: .csv
WebSite: http://www.xetra.com/xetra-de/instrumente/alle-handelbaren-instrumente/boersefrankfurt
Rel: \s*(Alle handelbaren Instrumente exklusive strukturierte Produkte\sXetra \(XETR\):\s*\d\d [a-zA-Z]+ \d\d\d\d \d\d:\d\d)\s(B\u00f6rse Frankfurt \(XFRA\):\s*\d\d [a-zA-Z]+ \d\d\d\d \d\d:\d\d)\s*
logName: log.txt
DateRegex: \d\d [a-zA-Z]+ \d\d\d\d \d\d:\d\d
hasDate: falsedateOrder: {2,1,0,3,4,}
2017-07-24 09:02:03 - INFO  de.vv.stockstore.loader.Download - Fetching http://www.xetra.com/xetra-de/instrumente/alle-handelbaren-instrumente/boersefrankfurt...
2017-07-24 09:02:06 - ERROR de.vv.stockstore.loader.Loader - No Links found on site: http://www.xetra.com/xetra-de/instrumente/alle-handelbaren-instrumente/boersefrankfurt, rel \s*(Alle handelbaren Instrumente exklusive strukturierte Produkte\sXetra \(XETR\):\s*\d\d [a-zA-Z]+ \d\d\d\d \d\d:\d\d)\s(B\u00f6rse Frankfurt \(XFRA\):\s*\d\d [a-zA-Z]+ \d\d\d\d \d\d:\d\d)\s*
2017-07-24 09:02:55 - INFO  de.vv.stockstore.loader.Loader - debug: true
Path: D:\StockStore\Data\
FileName: allTradableInstruments
Ending: .csv
WebSite: http://www.xetra.com/xetra-de/instrumente/alle-handelbaren-instrumente/boersefrankfurt
Rel: \s*(Alle handelbaren Instrumente exklusive strukturierte Produkte\sXetra \(XETR\):\s*\d\d [a-zA-Z]+ \d\d\d\d \d\d:\d\d)\s(B\u00f6rse Frankfurt \(XFRA\):\s*\d\d [a-zA-Z]+ \d\d\d\d \d\d:\d\d)\s*
logName: log.txt
DateRegex: \d\d [a-zA-Z]+ \d\d\d\d \d\d:\d\d
hasDate: falsedateOrder: {2,1,0,3,4,}
2017-07-24 09:03:14 - INFO  de.vv.stockstore.loader.Download - Fetching http://www.xetra.com/xetra-de/instrumente/alle-handelbaren-instrumente/boersefrankfurt...
2017-07-24 09:03:54 - ERROR de.vv.stockstore.loader.Loader - No Links found on site: http://www.xetra.com/xetra-de/instrumente/alle-handelbaren-instrumente/boersefrankfurt, rel \s*(Alle handelbaren Instrumente exklusive strukturierte Produkte\sXetra \(XETR\):\s*\d\d [a-zA-Z]+ \d\d\d\d \d\d:\d\d)\s(B\u00f6rse Frankfurt \(XFRA\):\s*\d\d [a-zA-Z]+ \d\d\d\d \d\d:\d\d)\s*
2017-07-24 09:28:36 - INFO  de.vv.stockstore.loader.Loader - debug: true
Path: D:\StockStore\Data\
FileName: allTradableInstruments
Ending: .csv
WebSite: http://www.xetra.com/xetra-de/instrumente/alle-handelbaren-instrumente/boersefrankfurt
Rel: \s*(Alle handelbaren Instrumente exklusive strukturierte Produkte)\s(.*)(\d\d\d\d \d\d:\d\d)\s
logName: log.txt
DateRegex: \d\d [a-zA-Z]+ \d\d\d\d \d\d:\d\d
hasDate: falsedateOrder: {2,1,0,3,4,}
2017-07-24 09:28:36 - INFO  de.vv.stockstore.loader.Download - Fetching http://www.xetra.com/xetra-de/instrumente/alle-handelbaren-instrumente/boersefrankfurt...
2017-07-24 09:28:38 - ERROR de.vv.stockstore.loader.Loader - No Links found on site: http://www.xetra.com/xetra-de/instrumente/alle-handelbaren-instrumente/boersefrankfurt, rel \s*(Alle handelbaren Instrumente exklusive strukturierte Produkte)\s(.*)(\d\d\d\d \d\d:\d\d)\s
2017-07-24 09:28:56 - INFO  de.vv.stockstore.loader.Loader - debug: true
Path: D:\StockStore\Data\
FileName: allTradableInstruments
Ending: .csv
WebSite: http://www.xetra.com/xetra-de/instrumente/alle-handelbaren-instrumente/boersefrankfurt
Rel: \s*(Alle handelbaren Instrumente exklusive strukturierte Produkte)\s(.*)(\d\d\d\d \d\d:\d\d)\s
logName: log.txt
DateRegex: \d\d [a-zA-Z]+ \d\d\d\d \d\d:\d\d
hasDate: falsedateOrder: {2,1,0,3,4,}
2017-07-24 09:28:56 - INFO  de.vv.stockstore.loader.Download - Fetching http://www.xetra.com/xetra-de/instrumente/alle-handelbaren-instrumente/boersefrankfurt...
2017-07-24 09:28:56 - ERROR de.vv.stockstore.loader.Loader - No Links found on site: http://www.xetra.com/xetra-de/instrumente/alle-handelbaren-instrumente/boersefrankfurt, rel \s*(Alle handelbaren Instrumente exklusive strukturierte Produkte)\s(.*)(\d\d\d\d \d\d:\d\d)\s
2017-07-24 09:29:30 - INFO  de.vv.stockstore.loader.Loader - debug: true
Path: D:\StockStore\Data\
FileName: allTradableInstruments
Ending: .csv
WebSite: http://www.xetra.com/xetra-de/instrumente/alle-handelbaren-instrumente/boersefrankfurt
Rel: \s*(Alle handelbaren Instrumente exklusive strukturierte Produkte)\s(.*)(\d\d\d\d \d\d:\d\d)\s
logName: log.txt
DateRegex: \d\d [a-zA-Z]+ \d\d\d\d \d\d:\d\d
hasDate: falsedateOrder: {2,1,0,3,4,}
2017-07-24 09:29:37 - INFO  de.vv.stockstore.loader.Download - Fetching http://www.xetra.com/xetra-de/instrumente/alle-handelbaren-instrumente/boersefrankfurt...
2017-07-24 09:29:54 - ERROR de.vv.stockstore.loader.Loader - No Links found on site: http://www.xetra.com/xetra-de/instrumente/alle-handelbaren-instrumente/boersefrankfurt, rel \s*(Alle handelbaren Instrumente exklusive strukturierte Produkte)\s(.*)(\d\d\d\d \d\d:\d\d)\s
2017-07-24 09:30:59 - INFO  de.vv.stockstore.loader.Loader - debug: true
Path: D:\StockStore\Data\
FileName: allTradableInstruments
Ending: .csv
WebSite: http://www.xetra.com/xetra-de/instrumente/alle-handelbaren-instrumente/boersefrankfurt
Rel: \s*(Alle handelbaren Instrumente exklusive strukturierte Produkte)\s(.*)(\d\d\d\d \d\d:\d\d)\s
logName: log.txt
DateRegex: \d\d [a-zA-Z]+ \d\d\d\d \d\d:\d\d
hasDate: falsedateOrder: {2,1,0,3,4,}
2017-07-24 09:30:59 - INFO  de.vv.stockstore.loader.Download - Fetching http://www.xetra.com/xetra-de/instrumente/alle-handelbaren-instrumente/boersefrankfurt...
2017-07-24 09:31:01 - ERROR de.vv.stockstore.loader.Loader - No Links found on site: http://www.xetra.com/xetra-de/instrumente/alle-handelbaren-instrumente/boersefrankfurt, rel \s*(Alle handelbaren Instrumente exklusive strukturierte Produkte)\s(.*)(\d\d\d\d \d\d:\d\d)\s
2017-07-24 09:32:02 - INFO  de.vv.stockstore.loader.Loader - debug: true
Path: D:\StockStore\Data\
FileName: allTradableInstruments
Ending: .csv
WebSite: http://www.xetra.com/xetra-de/instrumente/alle-handelbaren-instrumente/boersefrankfurt
Rel: \s*(Alle handelbaren Instrumente exklusive strukturierte Produkte)\s(.*)(\d\d\d\d \d\d:\d\d)\s
logName: log.txt
DateRegex: \d\d [a-zA-Z]+ \d\d\d\d \d\d:\d\d
hasDate: falsedateOrder: {2,1,0,3,4,}
2017-07-24 09:32:02 - INFO  de.vv.stockstore.loader.Download - Fetching http://www.xetra.com/xetra-de/instrumente/alle-handelbaren-instrumente/boersefrankfurt...
2017-07-24 09:32:05 - ERROR de.vv.stockstore.loader.Loader - No Links found on site: http://www.xetra.com/xetra-de/instrumente/alle-handelbaren-instrumente/boersefrankfurt, rel \s*(Alle handelbaren Instrumente exklusive strukturierte Produkte)\s(.*)(\d\d\d\d \d\d:\d\d)\s
2017-07-24 09:36:13 - INFO  de.vv.stockstore.loader.Loader - debug: true
Path: D:\StockStore\Data\
FileName: allTradableInstruments
Ending: .csv
WebSite: http://www.xetra.com/xetra-de/instrumente/alle-handelbaren-instrumente/boersefrankfurt
Rel: \s*(Alle handelbaren Instrumente exklusive strukturierte Produkte)\s(.*)(\d\d\d\d \d\d:\d\d)\s
logName: log.txt
DateRegex: \d\d [a-zA-Z]+ \d\d\d\d \d\d:\d\d
hasDate: falsedateOrder: {2,1,0,3,4,}
2017-07-24 09:36:13 - INFO  de.vv.stockstore.loader.Download - Fetching http://www.xetra.com/xetra-de/instrumente/alle-handelbaren-instrumente/boersefrankfurt...
2017-07-24 09:36:15 - ERROR de.vv.stockstore.loader.Loader - No Links found on site: http://www.xetra.com/xetra-de/instrumente/alle-handelbaren-instrumente/boersefrankfurt, rel \s*(Alle handelbaren Instrumente exklusive strukturierte Produkte)\s(.*)(\d\d\d\d \d\d:\d\d)\s
2017-07-24 09:37:05 - INFO  de.vv.stockstore.loader.Loader - debug: true
Path: D:\StockStore\Data\
FileName: allTradableInstruments
Ending: .csv
WebSite: http://www.xetra.com/xetra-de/instrumente/alle-handelbaren-instrumente/boersefrankfurt
Rel: \s*(Alle handelbaren Instrumente exklusive strukturierte Produkte)\s(.*)(\d\d\d\d \d\d:\d\d)\s
logName: log.txt
DateRegex: \d\d [a-zA-Z]+ \d\d\d\d \d\d:\d\d
hasDate: falsedateOrder: {2,1,0,3,4,}
2017-07-24 09:37:05 - INFO  de.vv.stockstore.loader.Download - Fetching http://www.xetra.com/xetra-de/instrumente/alle-handelbaren-instrumente/boersefrankfurt...
2017-07-24 09:37:06 - ERROR de.vv.stockstore.loader.Loader - No Links found on site: http://www.xetra.com/xetra-de/instrumente/alle-handelbaren-instrumente/boersefrankfurt, rel \s*(Alle handelbaren Instrumente exklusive strukturierte Produkte)\s(.*)(\d\d\d\d \d\d:\d\d)\s
2017-07-24 09:54:37 - INFO  de.vv.stockstore.loader.Loader - debug: true
Path: D:\StockStore\Data\
FileName: allTradableInstruments
Ending: .csv
WebSite: http://www.xetra.com/xetra-de/instrumente/alle-handelbaren-instrumente/boersefrankfurt
Rel: \s*(Alle handelbaren Instrumente exklusive strukturierte Produkte)\s*(.*) \d\d\s(.*)\s\d\d\d\d\s\d\d:\d\d\s*\s*(Alle handelbaren Instrumente exklusive strukturierte Produkte)\s*(.*) \d\d\s(.*)\s\d\d\d\d\s\d\d:\d\d\s*
logName: log.txt
DateRegex: \d\d [a-zA-Z]+ \d\d\d\d \d\d:\d\d
hasDate: falsedateOrder: {2,1,0,3,4,}
2017-07-24 09:54:37 - INFO  de.vv.stockstore.loader.Download - Fetching http://www.xetra.com/xetra-de/instrumente/alle-handelbaren-instrumente/boersefrankfurt...
2017-07-24 09:54:39 - ERROR de.vv.stockstore.loader.Loader - No Links found on site: http://www.xetra.com/xetra-de/instrumente/alle-handelbaren-instrumente/boersefrankfurt, rel \s*(Alle handelbaren Instrumente exklusive strukturierte Produkte)\s*(.*) \d\d\s(.*)\s\d\d\d\d\s\d\d:\d\d\s*\s*(Alle handelbaren Instrumente exklusive strukturierte Produkte)\s*(.*) \d\d\s(.*)\s\d\d\d\d\s\d\d:\d\d\s*
2017-07-24 09:55:35 - INFO  de.vv.stockstore.loader.Loader - debug: true
Path: D:\StockStore\Data\
FileName: allTradableInstruments
Ending: .csv
WebSite: http://www.xetra.com/xetra-de/instrumente/alle-handelbaren-instrumente/boersefrankfurt
Rel: \s*(Alle handelbaren Instrumente exklusive strukturierte Produkte)\s*(.*) \d\d\s(.*)\s\d\d\d\d\s\d\d:\d\d\s*\s*(Alle handelbaren Instrumente exklusive strukturierte Produkte)\s*(.*) \d\d\s(.*)\s\d\d\d\d\s\d\d:\d\d\s*
logName: log.txt
DateRegex: \d\d [a-zA-Z]+ \d\d\d\d \d\d:\d\d
hasDate: falsedateOrder: {2,1,0,3,4,}
2017-07-24 09:55:35 - INFO  de.vv.stockstore.loader.Download - Fetching http://www.xetra.com/xetra-de/instrumente/alle-handelbaren-instrumente/boersefrankfurt...
2017-07-24 09:55:36 - ERROR de.vv.stockstore.loader.Loader - No Links found on site: http://www.xetra.com/xetra-de/instrumente/alle-handelbaren-instrumente/boersefrankfurt, rel \s*(Alle handelbaren Instrumente exklusive strukturierte Produkte)\s*(.*) \d\d\s(.*)\s\d\d\d\d\s\d\d:\d\d\s*\s*(Alle handelbaren Instrumente exklusive strukturierte Produkte)\s*(.*) \d\d\s(.*)\s\d\d\d\d\s\d\d:\d\d\s*
2017-07-24 09:56:49 - INFO  de.vv.stockstore.loader.Loader - debug: true
Path: D:\StockStore\Data\
FileName: allTradableInstruments
Ending: .csv
WebSite: http://www.xetra.com/xetra-de/instrumente/alle-handelbaren-instrumente/boersefrankfurt
Rel: \s*(Alle handelbaren Instrumente exklusive strukturierte Produkte)\s*(.*) \d\d\s(.*)\s\d\d\d\d\s\d\d:\d\d\s*\s*(Alle handelbaren Instrumente exklusive strukturierte Produkte)\s*(.*) \d\d\s(.*)\s\d\d\d\d\s\d\d:\d\d\s*
logName: log.txt
DateRegex: \d\d [a-zA-Z]+ \d\d\d\d \d\d:\d\d
hasDate: falsedateOrder: {2,1,0,3,4,}
2017-07-24 09:56:49 - INFO  de.vv.stockstore.loader.Download - Fetching http://www.xetra.com/xetra-de/instrumente/alle-handelbaren-instrumente/boersefrankfurt...
2017-07-24 09:56:51 - ERROR de.vv.stockstore.loader.Loader - No Links found on site: http://www.xetra.com/xetra-de/instrumente/alle-handelbaren-instrumente/boersefrankfurt, rel \s*(Alle handelbaren Instrumente exklusive strukturierte Produkte)\s*(.*) \d\d\s(.*)\s\d\d\d\d\s\d\d:\d\d\s*\s*(Alle handelbaren Instrumente exklusive strukturierte Produkte)\s*(.*) \d\d\s(.*)\s\d\d\d\d\s\d\d:\d\d\s*
2017-07-24 09:57:09 - INFO  de.vv.stockstore.loader.Loader - debug: true
Path: D:\StockStore\Data\
FileName: allTradableInstruments
Ending: .csv
WebSite: http://www.xetra.com/xetra-de/instrumente/alle-handelbaren-instrumente/boersefrankfurt
Rel: \s*(Alle handelbaren Instrumente exklusive strukturierte Produkte)\s*(.*) \d\d\s(.*)\s\d\d\d\d\s\d\d:\d\d\s*\s*(Alle handelbaren Instrumente exklusive strukturierte Produkte)\s*(.*) \d\d\s(.*)\s\d\d\d\d\s\d\d:\d\d\s*
logName: log.txt
DateRegex: \d\d [a-zA-Z]+ \d\d\d\d \d\d:\d\d
hasDate: falsedateOrder: {2,1,0,3,4,}
2017-07-24 09:57:09 - INFO  de.vv.stockstore.loader.Download - Fetching http://www.xetra.com/xetra-de/instrumente/alle-handelbaren-instrumente/boersefrankfurt...
2017-07-24 09:57:09 - ERROR de.vv.stockstore.loader.Loader - No Links found on site: http://www.xetra.com/xetra-de/instrumente/alle-handelbaren-instrumente/boersefrankfurt, rel \s*(Alle handelbaren Instrumente exklusive strukturierte Produkte)\s*(.*) \d\d\s(.*)\s\d\d\d\d\s\d\d:\d\d\s*\s*(Alle handelbaren Instrumente exklusive strukturierte Produkte)\s*(.*) \d\d\s(.*)\s\d\d\d\d\s\d\d:\d\d\s*
2017-07-24 09:57:17 - INFO  de.vv.stockstore.loader.Loader - debug: true
Path: D:\StockStore\Data\
FileName: allTradableInstruments
Ending: .csv
WebSite: http://www.xetra.com/xetra-de/instrumente/alle-handelbaren-instrumente/boersefrankfurt
Rel: \s*(Alle handelbaren Instrumente exklusive strukturierte Produkte)\s*(.*) \d\d\s(.*)\s\d\d\d\d\s\d\d:\d\d\s*\s*(Alle handelbaren Instrumente exklusive strukturierte Produkte)\s*(.*) \d\d\s(.*)\s\d\d\d\d\s\d\d:\d\d\s*
logName: log.txt
DateRegex: \d\d [a-zA-Z]+ \d\d\d\d \d\d:\d\d
hasDate: falsedateOrder: {2,1,0,3,4,}
2017-07-24 09:57:17 - INFO  de.vv.stockstore.loader.Download - Fetching http://www.xetra.com/xetra-de/instrumente/alle-handelbaren-instrumente/boersefrankfurt...
2017-07-24 10:05:05 - INFO  de.vv.stockstore.loader.Loader - debug: true
Path: D:\StockStore\Data\
FileName: allTradableInstruments
Ending: .csv
WebSite: http://www.xetra.com/xetra-de/instrumente/alle-handelbaren-instrumente/boersefrankfurt
Rel: \s*(Alle handelbaren Instrumente exklusive strukturierte Produkte)\s*(.*) \d\d\s(.*)\s\d\d\d\d\s\d\d:\d\d\s*
logName: log.txt
DateRegex: \d\d [a-zA-Z]+ \d\d\d\d \d\d:\d\d
hasDate: falsedateOrder: {2,1,0,3,4,}
2017-07-24 10:05:05 - INFO  de.vv.stockstore.loader.Download - Fetching http://www.xetra.com/xetra-de/instrumente/alle-handelbaren-instrumente/boersefrankfurt...
2017-07-24 10:05:07 - INFO  de.vv.stockstore.loader.Loader - Loader start.
2017-07-24 10:05:07 - INFO  de.vv.stockstore.loader.Loader - Storing file to: D:\StockStore\Data\allTradableInstruments_2017_07_24.csv
2017-07-24 10:05:07 - INFO  de.vv.stockstore.loader.Loader - File was alread downloaded: allTradableInstruments_2017_07_24.csv
2017-07-24 10:05:07 - INFO  de.vv.stockstore.loader.Loader - Loader end.
2017-07-24 10:10:55 - INFO  de.vv.stockstore.loader.Loader - debug: true
Path: D:\StockStore\Data\
FileName: allTradableInstruments
Ending: .csv
WebSite: http://www.xetra.com/xetra-de/instrumente/alle-handelbaren-instrumente/boersefrankfurt
Rel: \s*(Alle handelbaren Instrumente exklusive strukturierte Produkte)\s*(.*) \d\d\s(.*)\s\d\d\d\d\s\d\d:\d\d\s*
logName: log.txt
DateRegex: \d\d [a-zA-Z]+ \d\d\d\d \d\d:\d\d
hasDate: falsedateOrder: {2,1,0,3,4,}
2017-07-24 10:10:55 - INFO  de.vv.stockstore.loader.Download - Fetching http://www.xetra.com/xetra-de/instrumente/alle-handelbaren-instrumente/boersefrankfurt...
2017-07-24 10:10:58 - INFO  de.vv.stockstore.loader.Loader - Loader start.
2017-07-24 10:10:58 - INFO  de.vv.stockstore.loader.Loader - Storing file to: D:\StockStore\Data\allTradableInstruments_2017_07_24.csv
2017-07-24 10:10:58 - INFO  de.vv.stockstore.loader.Loader - File was alread downloaded: allTradableInstruments_2017_07_24.csv
2017-07-24 10:10:58 - INFO  de.vv.stockstore.loader.Loader - Loader end.
2017-07-24 10:11:58 - INFO  de.vv.stockstore.loader.Loader - debug: true
Path: D:\StockStore\Data\
FileName: allTradableInstruments
Ending: .csv
WebSite: http://www.xetra.com/xetra-de/instrumente/alle-handelbaren-instrumente/boersefrankfurt
Rel: \s*(Alle handelbaren Instrumente exklusive strukturierte Produkte)\s*(.*) \d\d\s(.*)\s\d\d\d\d\s\d\d:\d\d\s*
logName: log.txt
DateRegex: \d\d [a-zA-Z]+ \d\d\d\d \d\d:\d\d
hasDate: falsedateOrder: {2,1,0,3,4,}
2017-07-24 10:11:58 - INFO  de.vv.stockstore.loader.Download - Fetching http://www.xetra.com/xetra-de/instrumente/alle-handelbaren-instrumente/boersefrankfurt...
2017-07-24 10:11:59 - INFO  de.vv.stockstore.loader.Loader - Loader start.
2017-07-24 10:11:59 - INFO  de.vv.stockstore.loader.Loader - Storing file to: D:\StockStore\Data\allTradableInstruments_2017_07_24.csv
2017-07-24 10:11:59 - INFO  de.vv.stockstore.loader.Loader - File was alread downloaded: allTradableInstruments_2017_07_24.csv
2017-07-24 10:11:59 - INFO  de.vv.stockstore.loader.Loader - Loader end.
2017-07-24 10:12:50 - INFO  de.vv.stockstore.loader.Loader - debug: true
Path: D:\StockStore\Data\
FileName: allTradableInstruments
Ending: .csv
WebSite: http://www.xetra.com/xetra-de/instrumente/alle-handelbaren-instrumente/boersefrankfurt
Rel: \s*(Alle handelbaren Instrumente exklusive strukturierte Produkte)\s*(.*) \d\d\s(.*)\s\d\d\d\d\s\d\d:\d\d\s*
logName: log.txt
DateRegex: \d\d [a-zA-Z]+ \d\d\d\d \d\d:\d\d
hasDate: falsedateOrder: {2,1,0,3,4,}
2017-07-24 10:12:50 - INFO  de.vv.stockstore.loader.Download - Fetching http://www.xetra.com/xetra-de/instrumente/alle-handelbaren-instrumente/boersefrankfurt...
2017-07-24 10:12:51 - INFO  de.vv.stockstore.loader.Loader - Loader start.
2017-07-24 10:12:51 - INFO  de.vv.stockstore.loader.Loader - Storing file to: D:\StockStore\Data\allTradableInstruments_2017_07_24.csv
2017-07-24 10:12:51 - INFO  de.vv.stockstore.loader.Loader - File was alread downloaded: allTradableInstruments_2017_07_24.csv
2017-07-24 10:12:51 - INFO  de.vv.stockstore.loader.Loader - Loader end.
2017-07-24 10:13:05 - INFO  de.vv.stockstore.loader.Loader - debug: true
Path: D:\StockStore\Data\
FileName: allTradableInstruments
Ending: .csv
WebSite: http://www.xetra.com/xetra-de/instrumente/alle-handelbaren-instrumente/boersefrankfurt
Rel: \s*(Alle handelbaren Instrumente exklusive strukturierte Produkte)\s*(.*) \d\d\s(.*)\s\d\d\d\d\s\d\d:\d\d\s*
logName: log.txt
DateRegex: \d\d [a-zA-Z]+ \d\d\d\d \d\d:\d\d
hasDate: falsedateOrder: {2,1,0,3,4,}
2017-07-24 10:13:05 - INFO  de.vv.stockstore.loader.Download - Fetching http://www.xetra.com/xetra-de/instrumente/alle-handelbaren-instrumente/boersefrankfurt...
2017-07-24 10:13:07 - INFO  de.vv.stockstore.loader.Loader - Loader start.
2017-07-24 10:13:07 - INFO  de.vv.stockstore.loader.Loader - Storing file to: D:\StockStore\Data\allTradableInstruments_2017_07_24.csv
2017-07-24 10:13:07 - INFO  de.vv.stockstore.loader.Loader - File was alread downloaded: allTradableInstruments_2017_07_24.csv
2017-07-24 10:13:07 - INFO  de.vv.stockstore.loader.Loader - Loader end.
2017-07-24 10:13:44 - INFO  de.vv.stockstore.loader.Loader - debug: true
Path: D:\StockStore\Data\
FileName: allTradableInstruments
Ending: .csv
WebSite: http://www.xetra.com/xetra-de/instrumente/alle-handelbaren-instrumente/boersefrankfurt
Rel: \s*(Alle handelbaren Instrumente exklusive strukturierte Produkte)\s*(.*) \d\d\s(.*)\s\d\d\d\d\s\d\d:\d\d\s*
logName: log.txt
DateRegex: \d\d [a-zA-Z]+ \d\d\d\d \d\d:\d\d
hasDate: falsedateOrder: {2,1,0,3,4,}
2017-07-24 10:13:45 - INFO  de.vv.stockstore.loader.Download - Fetching http://www.xetra.com/xetra-de/instrumente/alle-handelbaren-instrumente/boersefrankfurt...
2017-07-24 10:13:46 - INFO  de.vv.stockstore.loader.Loader - Loader start.
2017-07-24 10:13:46 - INFO  de.vv.stockstore.loader.Loader - Storing file to: D:\StockStore\Data\allTradableInstruments_2017_07_24.csv
2017-07-24 10:13:46 - INFO  de.vv.stockstore.loader.Loader - File was alread downloaded: allTradableInstruments_2017_07_24.csv
2017-07-24 10:13:46 - INFO  de.vv.stockstore.loader.Loader - Loader end.
2017-07-24 10:14:25 - INFO  de.vv.stockstore.loader.Loader - debug: true
Path: D:\StockStore\Data\
FileName: allTradableInstruments
Ending: .csv
WebSite: http://www.xetra.com/xetra-de/instrumente/alle-handelbaren-instrumente/boersefrankfurt
Rel: \s*(Alle handelbaren Instrumente exklusive strukturierte Produkte)\s*(.*) \d\d\s(.*)\s\d\d\d\d\s\d\d:\d\d\s*
logName: log.txt
DateRegex: \d\d [a-zA-Z]+ \d\d\d\d \d\d:\d\d
hasDate: falsedateOrder: {2,1,0,3,4,}
2017-07-24 10:14:25 - INFO  de.vv.stockstore.loader.Download - Fetching http://www.xetra.com/xetra-de/instrumente/alle-handelbaren-instrumente/boersefrankfurt...
2017-07-24 10:14:28 - INFO  de.vv.stockstore.loader.Loader - Loader start.
2017-07-24 10:14:28 - INFO  de.vv.stockstore.loader.Loader - Storing file to: D:\StockStore\Data\allTradableInstruments_2017_07_24.csv
2017-07-24 10:14:28 - INFO  de.vv.stockstore.loader.Loader - File was alread downloaded: allTradableInstruments_2017_07_24.csv
2017-07-24 10:14:28 - INFO  de.vv.stockstore.loader.Loader - Loader end.
2017-07-24 10:15:02 - INFO  de.vv.stockstore.loader.Loader - debug: true
Path: D:\StockStore\Data\
FileName: allTradableInstruments
Ending: .csv
WebSite: http://www.xetra.com/xetra-de/instrumente/alle-handelbaren-instrumente/boersefrankfurt
Rel: \s*(Alle handelbaren Instrumente exklusive strukturierte Produkte)\s*(.*) \d\d\s(.*)\s\d\d\d\d\s\d\d:\d\d\s*
logName: log.txt
DateRegex: \d\d [a-zA-Z]+ \d\d\d\d \d\d:\d\d
hasDate: falsedateOrder: {2,1,0,3,4,}
2017-07-24 10:15:02 - INFO  de.vv.stockstore.loader.Download - Fetching http://www.xetra.com/xetra-de/instrumente/alle-handelbaren-instrumente/boersefrankfurt...
2017-07-24 10:15:03 - INFO  de.vv.stockstore.loader.Loader - Loader start.
2017-07-24 10:15:03 - INFO  de.vv.stockstore.loader.Loader - Storing file to: D:\StockStore\Data\allTradableInstruments_2017_07_24.csv
2017-07-24 10:15:03 - INFO  de.vv.stockstore.loader.Loader - File was alread downloaded: allTradableInstruments_2017_07_24.csv
2017-07-24 10:15:03 - INFO  de.vv.stockstore.loader.Loader - Loader end.
2017-07-24 10:16:03 - INFO  de.vv.stockstore.loader.Loader - debug: true
Path: D:\StockStore\Data\
FileName: allTradableInstruments
Ending: .csv
WebSite: http://www.xetra.com/xetra-de/instrumente/alle-handelbaren-instrumente/boersefrankfurt
Rel: \s*(Alle handelbaren Instrumente exklusive strukturierte Produkte)\s*(.*) \d\d\s(.*)\s\d\d\d\d\s\d\d:\d\d\s*
logName: log.txt
DateRegex: \d\d [a-zA-Z]+ \d\d\d\d \d\d:\d\d
hasDate: falsedateOrder: {2,1,0,3,4,}
2017-07-24 10:16:03 - INFO  de.vv.stockstore.loader.Download - Fetching http://www.xetra.com/xetra-de/instrumente/alle-handelbaren-instrumente/boersefrankfurt...
2017-07-24 10:16:06 - INFO  de.vv.stockstore.loader.Loader - Loader start.
2017-07-24 10:16:06 - INFO  de.vv.stockstore.loader.Loader - Storing file to: D:\StockStore\Data\allTradableInstruments_2017_07_24.csv
2017-07-24 10:16:06 - INFO  de.vv.stockstore.loader.Loader - File was alread downloaded: allTradableInstruments_2017_07_24.csv
2017-07-24 10:16:06 - INFO  de.vv.stockstore.loader.Loader - Loader end.
2017-07-24 10:20:30 - INFO  de.vv.stockstore.loader.Loader - debug: true
Path: D:\StockStore\Data\
FileName: allTradableInstruments
Ending: .csv
WebSite: http://www.xetra.com/xetra-de/instrumente/alle-handelbaren-instrumente/boersefrankfurt
Rel: \s*(Alle handelbaren Instrumente exklusive strukturierte Produkte)\s*(.*) \d\d\s(.*)\s\d\d\d\d\s\d\d:\d\d\s*
logName: log.txt
DateRegex: \d\d [a-zA-Z]+ \d\d\d\d \d\d:\d\d
hasDate: truedateOrder: {2,1,0,3,4,}
2017-07-24 10:20:30 - INFO  de.vv.stockstore.loader.Download - Fetching http://www.xetra.com/xetra-de/instrumente/alle-handelbaren-instrumente/boersefrankfurt...
2017-07-24 10:20:32 - INFO  de.vv.stockstore.loader.Loader - Loader start.
2017-07-24 10:20:32 - INFO  de.vv.stockstore.loader.Loader - Storing file to: D:\StockStore\Data\allTradableInstruments_2017_Juli_22_03_40.csv
2017-07-24 10:20:32 - INFO  de.vv.stockstore.loader.Loader - Found Url: http://www.xetra.com/blob/1424940/00d76f0c6a17fbb9f99c5018a61cfc1c/data/allTradableInstruments.csv
2017-07-24 10:21:05 - INFO  de.vv.stockstore.loader.Loader - Loader end.
2017-07-24 11:00:18 - INFO  de.vv.stockstore.loader.App - debug: true
Path: D:\StockStore\Data\
FileName: allTradableInstruments
Ending: .csv
WebSite: http://www.xetra.com/xetra-de/instrumente/alle-handelbaren-instrumente/boersefrankfurt
Rel: \s*(Alle handelbaren Instrumente exklusive strukturierte Produkte)\s*(.*) \d\d\s(.*)\s\d\d\d\d\s\d\d:\d\d\s*
logName: log.txt
DateRegex: \d\d [a-zA-Z]+ \d\d\d\d \d\d:\d\d
hasDate: truedateOrder: {2,1,0,3,4,}
2017-07-24 11:00:18 - INFO  de.vv.stockstore.loader.WebFunctions - Fetching http://www.xetra.com/xetra-de/instrumente/alle-handelbaren-instrumente/boersefrankfurt...
2017-07-24 11:00:21 - INFO  de.vv.stockstore.loader.App - Loader start.
2017-07-24 11:00:21 - INFO  de.vv.stockstore.loader.App - Storing file to: D:\StockStore\Data\allTradableInstruments_2017_Juli_22_03_40.csv
2017-07-24 11:00:21 - INFO  de.vv.stockstore.loader.App - Found Url: http://www.xetra.com/blob/1424940/00d76f0c6a17fbb9f99c5018a61cfc1c/data/allTradableInstruments.csv
2017-07-24 11:00:44 - INFO  de.vv.stockstore.loader.App - debug: true
Path: D:\StockStore\Data\
FileName: allTradableInstruments
Ending: .csv
WebSite: http://www.xetra.com/xetra-de/instrumente/alle-handelbaren-instrumente/boersefrankfurt
Rel: \s*(Alle handelbaren Instrumente exklusive strukturierte Produkte)\s*(.*) \d\d\s(.*)\s\d\d\d\d\s\d\d:\d\d\s*
logName: log.txt
DateRegex: \d\d [a-zA-Z]+ \d\d\d\d \d\d:\d\d
hasDate: truedateOrder: {2,1,0,3,4,}
2017-07-24 11:00:44 - INFO  de.vv.stockstore.loader.WebFunctions - Fetching http://www.xetra.com/xetra-de/instrumente/alle-handelbaren-instrumente/boersefrankfurt...
2017-07-24 11:00:45 - INFO  de.vv.stockstore.loader.App - Loader start.
2017-07-24 11:00:45 - INFO  de.vv.stockstore.loader.App - Storing file to: D:\StockStore\Data\allTradableInstruments_2017_Juli_22_03_40.csv
2017-07-24 11:00:45 - INFO  de.vv.stockstore.loader.App - Found Url: http://www.xetra.com/blob/1424940/00d76f0c6a17fbb9f99c5018a61cfc1c/data/allTradableInstruments.csv
2017-07-24 11:01:20 - INFO  de.vv.stockstore.loader.App - Loader end.
2017-07-24 12:02:58 - INFO  de.vv.stockstore.loader.App - debug: true
Path: D:\StockStore\Data\
FileName: allTradableInstruments
Ending: .csv
WebSite: http://www.xetra.com/xetra-de/instrumente/alle-handelbaren-instrumente/boersefrankfurt
Rel: \s*(Alle handelbaren Instrumente exklusive strukturierte Produkte)\s*(.*) \d\d\s(.*)\s\d\d\d\d\s\d\d:\d\d\s*
DateRegex: \d\d [a-zA-Z]+ \d\d\d\d \d\d:\d\d
hasDate: falsedateOrder: {2,1,0,3,4,}
2017-07-24 12:02:58 - INFO  de.vv.stockstore.loader.WebFunctions - Fetching http://www.xetra.com/xetra-de/instrumente/alle-handelbaren-instrumente/boersefrankfurt...
2017-07-24 12:02:59 - INFO  de.vv.stockstore.loader.App - Loader start. Found Url: http://www.xetra.com/blob/1424940/00d76f0c6a17fbb9f99c5018a61cfc1c/data/allTradableInstruments.csv
2017-07-24 12:02:59 - INFO  de.vv.stockstore.loader.App - Storing file to: D:\StockStore\Data\allTradableInstruments_2017_07_24.csv
